<?xml version="1.0" encoding="UTF-8"?>
<!-- Generated by org.testng.reporters.JUnitXMLReporter -->
<testsuite ignored="0" hostname="DESKTOP-4N84MDJ" failures="1" tests="2" name="Error Validation test" time="15.895" errors="0" timestamp="2024-04-14T13:32:40 IST">
  <testcase classname="rahulshettyacademy.tests.errorValidation" name="loginerrorvalidaion" time="0.46">
    <failure type="java.lang.AssertionError" message="expected [Incorrect email or password.] but found [Incorrect email  password.]">
      <![CDATA[java.lang.AssertionError: expected [Incorrect email or password.] but found [Incorrect email  password.]
at rahulshettyacademy.tests.errorValidation.loginerrorvalidaion(errorValidation.java:20)
at java.base/java.util.ArrayList.forEach(ArrayList.java:1511)
... Removed 33 stack frames]]>
    </failure>
  </testcase> <!-- loginerrorvalidaion -->
  <testcase classname="rahulshettyacademy.tests.errorValidation" name="productnamevalidation" time="3.183"/>
</testsuite> <!-- Error Validation test -->
