<?xml version="1.0" encoding="UTF-8"?>
<!-- Generated by org.testng.reporters.JUnitXMLReporter -->
<testsuite ignored="0" hostname="DESKTOP-4N84MDJ" failures="0" tests="3" name="submit order test" time="31.093" errors="0" timestamp="2024-04-14T13:32:24 IST">
  <testcase classname="rahulshettyacademy.tests.submitTest" name="submitOrder" time="4.898"/>
  <testcase classname="rahulshettyacademy.tests.submitTest" name="submitOrder" time="3.303"/>
  <testcase classname="rahulshettyacademy.tests.submitTest" name="orderhistory" time="1.073"/>
</testsuite> <!-- submit order test -->
